<?xml version="1.0" encoding="UTF-8"?>
<!-- Generated by org.testng.reporters.JUnitReportReporter -->
<testsuite hostname="DESKTOP-2GB3AA6" failures="0" tests="1" name="day7.FakerDataGenerator" time="0.310" errors="0" timestamp="2023-12-15T21:46:37 IST" skipped="0">
  <testcase classname="day7.FakerDataGenerator" name="testGenerateFakeData" time="0.310"/>
  <system-out/>
</testsuite> <!-- day7.FakerDataGenerator -->
