<?xml version="1.0" encoding="UTF-8"?>
<!-- Generated by org.testng.reporters.JUnitReportReporter -->
<testsuite hostname="DESKTOP-2GB3AA6" failures="0" tests="4" name="day1.HTTPRequests" time="4.774" errors="0" timestamp="2023-11-14T12:04:53 IST" skipped="0">
  <testcase classname="day1.HTTPRequests" name="getUser" time="2.977"/>
  <system-out/>
  <testcase classname="day1.HTTPRequests" name="createUser" time="0.867"/>
  <system-out/>
  <testcase classname="day1.HTTPRequests" name="updateUser" time="0.464"/>
  <system-out/>
  <testcase classname="day1.HTTPRequests" name="deleteUser" time="0.466"/>
  <system-out/>
</testsuite> <!-- day1.HTTPRequests -->
