<?xml version="1.0" encoding="UTF-8"?>
<!-- Generated by org.testng.reporters.JUnitReportReporter -->
<testsuite hostname="DESKTOP-2GB3AA6" failures="0" tests="1" name="Day5.ParsingXMLResponse" time="2.948" errors="0" timestamp="2023-12-03T10:41:43 IST" skipped="0">
  <testcase classname="Day5.ParsingXMLResponse" name="parseXML2" time="2.948"/>
  <system-out/>
</testsuite> <!-- Day5.ParsingXMLResponse -->
