<?xml version="1.0" encoding="UTF-8"?>
<!-- Generated by org.testng.reporters.JUnitReportReporter -->
<testsuite hostname="DESKTOP-2GB3AA6" failures="0" tests="1" name="day2.DiffWaysToCreateRequestBody" time="4.943" errors="0" timestamp="2023-11-28T05:47:11 IST" skipped="0">
  <testcase classname="day2.DiffWaysToCreateRequestBody" name="testPostUsingExternalJsonFile" time="4.943"/>
  <system-out/>
</testsuite> <!-- day2.DiffWaysToCreateRequestBody -->
