<?xml version="1.0" encoding="UTF-8"?>
<!-- Generated by org.testng.reporters.JUnitReportReporter -->
<testsuite hostname="DESKTOP-2GB3AA6" failures="0" tests="1" name="day3.CookiesDemo" time="3.057" errors="0" timestamp="2023-12-27T06:10:18 IST" skipped="0">
  <testcase classname="day3.CookiesDemo" name="getCookiesInfo" time="3.057"/>
  <system-out/>
</testsuite> <!-- day3.CookiesDemo -->
