<?xml version="1.0" encoding="UTF-8"?>
<!-- Generated by org.testng.reporters.JUnitReportReporter -->
<testsuite hostname="DESKTOP-2GB3AA6" failures="0" tests="1" name="day6.SerializationDeserialization" time="0.340" errors="0" timestamp="2023-12-14T20:07:20 IST" skipped="0">
  <testcase classname="day6.SerializationDeserialization" name="convertJsonToPojo" time="0.340"/>
  <system-out/>
</testsuite> <!-- day6.SerializationDeserialization -->
