<?xml version="1.0" encoding="UTF-8"?>
<!-- Generated by org.testng.reporters.JUnitReportReporter -->
<testsuite hostname="DESKTOP-2GB3AA6" failures="0" tests="1" name="day3.PathAndQueryParameters" time="0.174" errors="0" timestamp="2023-12-26T21:29:55 IST" skipped="0">
  <testcase classname="day3.PathAndQueryParameters" name="testQueryAndPathParameters" time="0.174"/>
  <system-out/>
</testsuite> <!-- day3.PathAndQueryParameters -->
