<?xml version="1.0" encoding="UTF-8"?>
<!-- Generated by org.testng.reporters.JUnitReportReporter -->
<testsuite hostname="DESKTOP-2GB3AA6" failures="0" tests="1" name="day3.HeadersDemo" time="0.351" errors="0" timestamp="2023-12-26T21:29:55 IST" skipped="0">
  <testcase classname="day3.HeadersDemo" name="getHeaders" time="0.351"/>
  <system-out/>
</testsuite> <!-- day3.HeadersDemo -->
