<?xml version="1.0" encoding="UTF-8"?>
<!-- Generated by org.testng.reporters.JUnitReportReporter -->
<testsuite hostname="DESKTOP-2GB3AA6" failures="0" tests="1" name="day7.Authentication" time="3.314" errors="0" timestamp="2023-12-15T21:33:53 IST" skipped="0">
  <testcase classname="day7.Authentication" name="testApiKeyAuthentication" time="3.314"/>
  <system-out/>
</testsuite> <!-- day7.Authentication -->
